<?xml version="1.0" encoding="UTF-8"?>
<!-- Generated by org.testng.reporters.JUnitReportReporter -->
<testsuite skipped="0" hostname="IBM815-R90AX8H4" name="com.training.regression.tests.LoginExcelTest2" tests="2" failures="0" timestamp="08 Jan 2019 04:58:16 GMT" time="51.007" errors="0">
  <testcase name="singleUserLoginTest" time="22.447" classname="com.training.regression.tests.LoginExcelTest2"/>
  <testcase name="singleUserLoginTest" time="28.560" classname="com.training.regression.tests.LoginExcelTest2"/>
</testsuite> <!-- com.training.regression.tests.LoginExcelTest2 -->
