<?xml version="1.0" encoding="UTF-8"?>
<!-- Generated by org.testng.reporters.JUnitReportReporter -->
<testsuite skipped="0" hostname="IBM815-R90AX8H4" name="com.training.sanity.tests.RETC_029_Test" tests="2" failures="0" timestamp="20 Dec 2018 13:56:57 GMT" time="39.021" errors="0">
  <testcase name="adminLoginTest" time="10.433" classname="com.training.sanity.tests.RETC_029_Test"/>
  <testcase name="addNewRegionTest" time="28.588" classname="com.training.sanity.tests.RETC_029_Test"/>
</testsuite> <!-- com.training.sanity.tests.RETC_029_Test -->
