<?xml version="1.0" encoding="UTF-8"?>
<!-- Generated by org.testng.reporters.JUnitReportReporter -->
<testsuite skipped="0" hostname="IBM815-R90AX8H4" name="com.training.regression.tests.RETC_087_Test" tests="4" failures="0" timestamp="11 Jan 2019 10:00:02 GMT" time="88.317" errors="0">
  <testcase name="adminLoginTest" time="11.006" classname="com.training.regression.tests.RETC_087_Test"/>
  <testcase name="multiplePropertiesTest" time="32.455" classname="com.training.regression.tests.RETC_087_Test"/>
  <testcase name="multiplePropertiesTest" time="19.233" classname="com.training.regression.tests.RETC_087_Test"/>
  <testcase name="multiplePropertiesTest" time="25.623" classname="com.training.regression.tests.RETC_087_Test"/>
</testsuite> <!-- com.training.regression.tests.RETC_087_Test -->
