<?xml version="1.0" encoding="UTF-8"?>
<!-- Generated by org.testng.reporters.JUnitReportReporter -->
<testsuite skipped="0" hostname="IBM815-R90AX8H4" name="com.training.sanity.tests.RETC_030_Test" tests="2" failures="0" timestamp="20 Dec 2018 13:58:41 GMT" time="36.134" errors="0">
  <testcase name="adminLoginTest" time="10.152" classname="com.training.sanity.tests.RETC_030_Test"/>
  <testcase name="deleteSelectedRegionTest" time="25.982" classname="com.training.sanity.tests.RETC_030_Test"/>
</testsuite> <!-- com.training.sanity.tests.RETC_030_Test -->
