<?xml version="1.0" encoding="UTF-8"?>
<!-- Generated by org.testng.reporters.JUnitReportReporter -->
<testsuite skipped="0" hostname="IBM815-R90AX8H4" name="com.training.sanity.tests.retailTest" tests="1" failures="0" timestamp="20 Dec 2018 13:14:28 GMT" time="3.419" errors="0">
  <testcase name="validLoginTest" time="3.419" classname="com.training.sanity.tests.retailTest"/>
</testsuite> <!-- com.training.sanity.tests.retailTest -->
