<?xml version="1.0" encoding="UTF-8"?>
<!-- Generated by org.testng.reporters.JUnitReportReporter -->
<testsuite skipped="0" hostname="IBM815-R90AX8H4" name="com.training.regression.tests.RETC_090_Test" tests="4" failures="0" timestamp="11 Jan 2019 10:29:19 GMT" time="83.469" errors="0">
  <testcase name="adminLoginTest" time="9.160" classname="com.training.regression.tests.RETC_090_Test"/>
  <testcase name="addMultiplePropWithAllDetailsTest" time="21.399" classname="com.training.regression.tests.RETC_090_Test"/>
  <testcase name="addMultiplePropWithAllDetailsTest" time="29.962" classname="com.training.regression.tests.RETC_090_Test"/>
  <testcase name="addMultiplePropWithAllDetailsTest" time="22.948" classname="com.training.regression.tests.RETC_090_Test"/>
</testsuite> <!-- com.training.regression.tests.RETC_090_Test -->
