<?xml version="1.0" encoding="UTF-8"?>
<!-- Generated by org.testng.reporters.JUnitReportReporter -->
<testsuite skipped="0" hostname="IBM815-R90AX8H4" name="com.training.regression.tests.LoginMultipleValuesTest" tests="2" failures="0" timestamp="08 Jan 2019 04:31:35 GMT" time="65.855" errors="0">
  <testcase name="testMethod1" time="43.052" classname="com.training.regression.tests.LoginMultipleValuesTest"/>
  <testcase name="testMethod1" time="22.803" classname="com.training.regression.tests.LoginMultipleValuesTest"/>
</testsuite> <!-- com.training.regression.tests.LoginMultipleValuesTest -->
