<?xml version="1.0" encoding="UTF-8"?>
<!-- Generated by org.testng.reporters.JUnitReportReporter -->
<testsuite skipped="0" hostname="IBM815-R90AX8H4" name="com.training.sanity.tests.RETC_048_Test" tests="2" failures="0" timestamp="03 Jan 2019 10:14:18 GMT" time="66.044" errors="0">
  <testcase name="adminLoginTest" time="12.183" classname="com.training.sanity.tests.RETC_048_Test"/>
  <testcase name="addedPostDisplayedTest" time="53.861" classname="com.training.sanity.tests.RETC_048_Test"/>
</testsuite> <!-- com.training.sanity.tests.RETC_048_Test -->
