<?xml version="1.0" encoding="UTF-8"?>
<!-- Generated by org.testng.reporters.JUnitReportReporter -->
<testsuite skipped="0" hostname="IBM815-R90AX8H4" name="com.training.regression.tests.RETC_086_DB_Test" tests="2" failures="0" timestamp="10 Jan 2019 17:25:46 GMT" time="22.219" errors="0">
  <testcase name="adminLoginTest" time="13.008" classname="com.training.regression.tests.RETC_086_DB_Test"/>
  <testcase name="addNewRegionDBTest" time="9.211" classname="com.training.regression.tests.RETC_086_DB_Test"/>
</testsuite> <!-- com.training.regression.tests.RETC_086_DB_Test -->
