<?xml version="1.0" encoding="UTF-8"?>
<!-- Generated by org.testng.reporters.JUnitReportReporter -->
<testsuite skipped="0" hostname="IBM815-R90AX8H4" name="com.training.sanity.tests.RETC_026_Test" tests="1" failures="0" timestamp="19 Dec 2018 10:21:58 GMT" time="48.393" errors="0">
  <testcase name="validLoginTest" time="48.393" classname="com.training.sanity.tests.RETC_026_Test"/>
</testsuite> <!-- com.training.sanity.tests.RETC_026_Test -->
