<?xml version="1.0" encoding="UTF-8"?>
<!-- Generated by org.testng.reporters.JUnitReportReporter -->
<testsuite skipped="0" hostname="IBM815-R90AX8H4" name="com.training.sanity.tests.RETC_027_Test" tests="2" failures="0" timestamp="21 Dec 2018 11:26:29 GMT" time="35.639" errors="0">
  <testcase name="adminLoginTest" time="9.392" classname="com.training.sanity.tests.RETC_027_Test"/>
  <testcase name="addNewFeatureTest" time="26.247" classname="com.training.sanity.tests.RETC_027_Test"/>
</testsuite> <!-- com.training.sanity.tests.RETC_027_Test -->
