<?xml version="1.0" encoding="UTF-8"?>
<!-- Generated by org.testng.reporters.JUnitReportReporter -->
<testsuite skipped="0" hostname="IBM815-R90AX8H4" name="com.training.sanity.tests.RETC_028_Test" tests="2" failures="0" timestamp="20 Dec 2018 13:49:54 GMT" time="29.924" errors="0">
  <testcase name="adminLoginTest" time="9.197" classname="com.training.sanity.tests.RETC_028_Test"/>
  <testcase name="deleteExistingFeatureTest" time="20.727" classname="com.training.sanity.tests.RETC_028_Test"/>
</testsuite> <!-- com.training.sanity.tests.RETC_028_Test -->
