<?xml version="1.0" encoding="UTF-8"?>
<!-- Generated by org.testng.reporters.JUnitReportReporter -->
<testsuite skipped="0" hostname="IBM815-R90AX8H4" name="com.training.sanity.tests.RETC_030_Test" tests="2" failures="0" timestamp="21 Dec 2018 11:34:08 GMT" time="33.947" errors="0">
  <testcase name="adminLoginTest" time="8.380" classname="com.training.sanity.tests.RETC_030_Test"/>
  <testcase name="deleteSelectedRegionTest" time="25.567" classname="com.training.sanity.tests.RETC_030_Test"/>
</testsuite> <!-- com.training.sanity.tests.RETC_030_Test -->
