<?xml version="1.0" encoding="UTF-8"?>
<!-- Generated by org.testng.reporters.JUnitReportReporter -->
<testsuite skipped="0" hostname="IBM815-R90AX8H4" name="com.training.sanity.tests.RETC_048_Test" tests="2" failures="0" timestamp="27 Dec 2018 14:31:22 GMT" time="61.479" errors="0">
  <testcase name="adminLoginTest" time="10.207" classname="com.training.sanity.tests.RETC_048_Test"/>
  <testcase name="addedPostDisplayedTest" time="51.272" classname="com.training.sanity.tests.RETC_048_Test"/>
</testsuite> <!-- com.training.sanity.tests.RETC_048_Test -->
