<?xml version="1.0" encoding="UTF-8"?>
<!-- Generated by org.testng.reporters.JUnitReportReporter -->
<testsuite skipped="0" hostname="IBM815-R90AX8H4" name="com.training.regression.tests.RETC_089_Test" tests="4" failures="0" timestamp="11 Jan 2019 10:26:57 GMT" time="62.774" errors="0">
  <testcase name="adminLoginTest" time="8.838" classname="com.training.regression.tests.RETC_089_Test"/>
  <testcase name="multiplePropsRegionsTest" time="21.549" classname="com.training.regression.tests.RETC_089_Test"/>
  <testcase name="multiplePropsRegionsTest" time="16.075" classname="com.training.regression.tests.RETC_089_Test"/>
  <testcase name="multiplePropsRegionsTest" time="16.312" classname="com.training.regression.tests.RETC_089_Test"/>
</testsuite> <!-- com.training.regression.tests.RETC_089_Test -->
