<?xml version="1.0" encoding="UTF-8"?>
<!-- Generated by org.testng.reporters.JUnitReportReporter -->
<testsuite skipped="0" hostname="IBM815-R90AX8H4" name="com.training.sanity.tests.RETC_054_Test" tests="3" failures="0" timestamp="30 Dec 2018 12:51:38 GMT" time="74.230" errors="0">
  <testcase name="userAddedCommentTest" time="34.136" classname="com.training.sanity.tests.RETC_054_Test"/>
  <testcase name="AdminLoginTest" time="17.964" classname="com.training.sanity.tests.RETC_054_Test"/>
  <testcase name="adminRepliesToCommentTest" time="22.130" classname="com.training.sanity.tests.RETC_054_Test"/>
</testsuite> <!-- com.training.sanity.tests.RETC_054_Test -->
