<?xml version="1.0" encoding="UTF-8"?>
<!-- Generated by org.testng.reporters.JUnitReportReporter -->
<testsuite skipped="0" hostname="IBM815-R90AX8H4" name="com.training.sanity.tests.RETC_026_Test" tests="2" failures="0" timestamp="21 Dec 2018 10:46:27 GMT" time="32.422" errors="0">
  <testcase name="adminLoginTest" time="9.457" classname="com.training.sanity.tests.RETC_026_Test"/>
  <testcase name="moveToTrashTest" time="22.965" classname="com.training.sanity.tests.RETC_026_Test"/>
</testsuite> <!-- com.training.sanity.tests.RETC_026_Test -->
