<?xml version="1.0" encoding="UTF-8"?>
<!-- Generated by org.testng.reporters.JUnitReportReporter -->
<testsuite skipped="0" hostname="IBM815-R90AX8H4" name="com.training.sanity.tests.RETC_042_Test" tests="2" failures="0" timestamp="30 Dec 2018 11:31:43 GMT" time="39.251" errors="0">
  <testcase name="adminLoginTest" time="12.659" classname="com.training.sanity.tests.RETC_042_Test"/>
  <testcase name="addedPostDisplayedTest" time="26.592" classname="com.training.sanity.tests.RETC_042_Test"/>
</testsuite> <!-- com.training.sanity.tests.RETC_042_Test -->
