<?xml version="1.0" encoding="UTF-8"?>
<!-- Generated by org.testng.reporters.JUnitReportReporter -->
<testsuite skipped="0" hostname="IBM815-R90AX8H4" name="com.training.sanity.tests.RETC_029_Test" tests="2" failures="0" timestamp="21 Dec 2018 11:31:04 GMT" time="37.945" errors="0">
  <testcase name="adminLoginTest" time="8.684" classname="com.training.sanity.tests.RETC_029_Test"/>
  <testcase name="addNewRegionTest" time="29.261" classname="com.training.sanity.tests.RETC_029_Test"/>
</testsuite> <!-- com.training.sanity.tests.RETC_029_Test -->
