<?xml version="1.0" encoding="UTF-8"?>
<!-- Generated by org.testng.reporters.JUnitReportReporter -->
<testsuite skipped="0" hostname="IBM815-R90AX8H4" name="com.training.sanity.tests.RETC_036_Test" tests="2" failures="0" timestamp="27 Dec 2018 14:05:00 GMT" time="25.854" errors="0">
  <testcase name="adminLoginTest" time="7.684" classname="com.training.sanity.tests.RETC_036_Test"/>
  <testcase name="enquireVillasTest" time="18.170" classname="com.training.sanity.tests.RETC_036_Test"/>
</testsuite> <!-- com.training.sanity.tests.RETC_036_Test -->
