<?xml version="1.0" encoding="UTF-8"?>
<!-- Generated by org.testng.reporters.JUnitReportReporter -->
<testsuite skipped="0" hostname="IBM815-R90AX8H4" name="com.training.sanity.tests.RETC_026" tests="1" failures="0" timestamp="19 Dec 2018 08:43:40 GMT" time="33.404" errors="0">
  <testcase name="validLoginTest" time="33.404" classname="com.training.sanity.tests.RETC_026"/>
</testsuite> <!-- com.training.sanity.tests.RETC_026 -->
