<?xml version="1.0" encoding="UTF-8"?>
<!-- Generated by org.testng.reporters.JUnitReportReporter -->
<testsuite skipped="0" hostname="IBM815-R90AX8H4" name="com.training.sanity.tests.RETC_027_Test" tests="2" failures="0" timestamp="20 Dec 2018 13:46:50 GMT" time="40.456" errors="0">
  <testcase name="adminLoginTest" time="14.403" classname="com.training.sanity.tests.RETC_027_Test"/>
  <testcase name="addNewFeatureTest" time="26.053" classname="com.training.sanity.tests.RETC_027_Test"/>
</testsuite> <!-- com.training.sanity.tests.RETC_027_Test -->
