<?xml version="1.0" encoding="UTF-8"?>
<!-- Generated by org.testng.reporters.JUnitReportReporter -->
<testsuite skipped="0" hostname="IBM815-R90AX8H4" name="com.training.sanity.tests.RETC_060_Test" tests="2" failures="0" timestamp="27 Dec 2018 17:22:00 GMT" time="35.690" errors="0">
  <testcase name="adminLoginTest" time="9.835" classname="com.training.sanity.tests.RETC_060_Test"/>
  <testcase name="addNewPropWithAllDetailsTest" time="25.855" classname="com.training.sanity.tests.RETC_060_Test"/>
</testsuite> <!-- com.training.sanity.tests.RETC_060_Test -->
